C51 COMPILER V7.50   SERIAL                                                                12/26/2014 20:51:43 PAGE 1   


C51 COMPILER V7.50, COMPILATION OF MODULE SERIAL
OBJECT MODULE PLACED IN serial.OBJ
COMPILER INVOKED BY: C:\Program Files\keil\C51\BIN\C51.EXE serial.c BROWSE DEBUG OBJECTEXTEND

line level    source

   1          /*---------------------------------------------------------------------*/
   2          /* --- STC MCU Limited ------------------------------------------------*/
   3          /* --- STC15F4K60S4 系列 串口1地址自动识别举例举例---------------------*/
   4          /* --- Mobile: (86)13922805190 ----------------------------------------*/
   5          /* --- Fax: 86-755-82905966 -------------------------------------------*/
   6          /* --- Tel: 86-755-82948412 -------------------------------------------*/
   7          /* --- Web: www.STCMCU.com --------------------------------------------*/
   8          /* 如果要在程序中使用此代码,请在程序中注明使用了宏晶科技的资料及程序   */
   9          /* 如果要在文章中应用此代码,请在文章中注明使用了宏晶科技的资料及程序   */
  10          /*---------------------------------------------------------------------*/
  11          
  12          //本示例在Keil开发环境下请选择Intel的8058芯片型号进行编译
  13          //假定测试芯片的工作频率为18.432MHz
  14          
  15          #include "reg52.h"
  16          #include "intrins.h"
  17          
  18          typedef unsigned char BYTE;
  19          typedef unsigned int WORD;
  20          
  21          //-----------------------------------------------
  22          
  23          #define     ACKTST  0x78            //从机1应答测试数据
  24          unsigned char dat;
  25          
  26          sbit p10=P1^0;
  27          sbit p11=P1^1;
  28          
  29          void InitUart();
  30          
  31          char count;
  32          
  33          void main()
  34          {
  35   1          InitUart();                     //初始化串口
  36   1          ES = 1;
  37   1          EA = 1;
  38   1          while (1);
  39   1      }
  40          
  41          /*----------------------------
  42          UART 中断服务程序
  43          -----------------------------*/
  44          void Uart() interrupt 4 using 1
  45          {
  46   1       /*
  47   1              if (TI)
  48   1          {
  49   1              TI = 0;                     //清除TI位
  50   1              if (count != 0)
  51   1              {
  52   1                  count--;
  53   1                  SBUF = dat;          //继续发送应答数据
  54   1              }
  55   1          }
C51 COMPILER V7.50   SERIAL                                                                12/26/2014 20:51:43 PAGE 2   

  56   1      */
  57   1          if (RI)
  58   1          {
  59   2              RI = 0;                     //清除RI位
  60   2              count = 1;
  61   2              dat = SBUF;              //并开发送应答数据
  62   2                      //P1 = dat;
  63   2                      switch (dat)
  64   2                      {
  65   3                              case 0xfe:p10=0;break;
  66   3                              case 0xfd:p11=0;break;
  67   3                              case 0x01:p10=1;break;
  68   3                              case 0x02:p11=1;break;
  69   3                              case 0xff:P1=0xff;break;
  70   3                              
  71   3                      }
  72   2                      TI = 1;
  73   2          }
  74   1      }
  75          
  76          /*----------------------------
  77          初始化串口
  78          ----------------------------*/
  79          void InitUart()
  80          {
  81   1          TMOD = 0x20;                //设置定时器1为8位自动重装载模式
  82   1              SCON = 0x50;
  83   1              PCON = 0x00;
  84   1              
  85   1        //  AUXR = 0x40;                //定时器1为1T模式
  86   1          TH1 = 0xfd;
  87   1              TL1 = 0xfd;           //115200 bps(256 - 18432000/32/115200)
  88   1          TR1 = 1;
  89   1      }
  90          


MODULE INFORMATION:   STATIC OVERLAYABLE
   CODE SIZE        =     87    ----
   CONSTANT SIZE    =   ----    ----
   XDATA SIZE       =   ----    ----
   PDATA SIZE       =   ----    ----
   DATA SIZE        =      2    ----
   IDATA SIZE       =   ----    ----
   BIT SIZE         =   ----    ----
END OF MODULE INFORMATION.


C51 COMPILATION COMPLETE.  0 WARNING(S),  0 ERROR(S)
